c:\users\vieta\source\repos\tts\tts\debug\vc142.pdb
c:\users\vieta\source\repos\tts\tts\debug\vc142.idb
c:\users\vieta\source\repos\tts\tts\debug\male.obj
c:\users\vieta\source\repos\tts\tts\debug\female.obj
c:\users\vieta\source\repos\tts\tts\debug\tts.obj
c:\users\vieta\source\repos\tts\tts\debug\basic.obj
c:\users\vieta\source\repos\tts\debug\tts.exe
c:\users\vieta\source\repos\tts\tts\debug\tts.ilk
c:\users\vieta\source\repos\tts\debug\tts.pdb
c:\users\vieta\source\repos\tts\tts\debug\tts.res
c:\users\vieta\source\repos\tts\tts\debug\tts.obj.enc
c:\users\vieta\source\repos\tts\tts\debug\tts.tlog\cl.command.1.tlog
c:\users\vieta\source\repos\tts\tts\debug\tts.tlog\cl.read.1.tlog
c:\users\vieta\source\repos\tts\tts\debug\tts.tlog\cl.write.1.tlog
c:\users\vieta\source\repos\tts\tts\debug\tts.tlog\link.command.1.tlog
c:\users\vieta\source\repos\tts\tts\debug\tts.tlog\link.read.1.tlog
c:\users\vieta\source\repos\tts\tts\debug\tts.tlog\link.write.1.tlog
c:\users\vieta\source\repos\tts\tts\debug\tts.tlog\rc.command.1.tlog
c:\users\vieta\source\repos\tts\tts\debug\tts.tlog\rc.read.1.tlog
c:\users\vieta\source\repos\tts\tts\debug\tts.tlog\rc.write.1.tlog
